============================= test session starts ==============================
platform linux -- Python 3.14.2, pytest-9.0.3, pluggy-1.6.0 -- /home/dwcks/.local/share/mise/installs/python/3.14.2/bin/python3.14
cachedir: .pytest_cache
rootdir: /home/dwcks/Projects/Day24-Track02-Lab-Assignment/medviet-governance
plugins: anyio-4.13.0, langsmith-0.7.26, hydra-core-1.3.2, locust-2.43.4, Faker-40.15.0
collecting ... collected 6 items

tests/test_pii.py::TestPIIDetection::test_cccd_detected PASSED           [ 16%]
tests/test_pii.py::TestPIIDetection::test_phone_detected PASSED          [ 33%]
tests/test_pii.py::TestPIIDetection::test_email_detected PASSED          [ 50%]
tests/test_pii.py::TestPIIDetection::test_detection_rate_above_95_percent PASSED [ 66%]
tests/test_pii.py::TestAnonymization::test_pii_not_in_output PASSED      [ 83%]
tests/test_pii.py::TestAnonymization::test_non_pii_columns_unchanged PASSED [100%]

============================== 6 passed in 16.18s ==============================
